----------------------------------------------------------------
Fri Oct 18 16:07:21 KST 2019:
Booting Derby version The Apache Software Foundation - Apache Derby - 10.14.2.0 - (1828579): instance a816c00e-016d-ddb1-3591-00000cc7fe00 
on database directory /Users/onacit/gitcl/github.com/onacit/spring-data-jpa-read-only/build/master with class loader jdk.internal.loader.ClassLoaders$AppClassLoader@2c13da15 
Loaded from file:/Users/onacit/.gradle/caches/modules-2/files-2.1/org.apache.derby/derby/10.14.2.0/7efad40ef52fbb1f08142f07a83b42d29e47d8ce/derby-10.14.2.0.jar
java.vendor=Oracle Corporation
java.runtime.version=11.0.5+10-LTS
user.dir=/Users/onacit/gitcl/github.com/onacit/spring-data-jpa-read-only
os.name=Mac OS X
os.arch=x86_64
os.version=10.14.6
derby.system.home=null
Database Class Loader started - derby.database.classpath=''
----------------------------------------------------------------
Fri Oct 18 16:07:22 KST 2019:
Booting Derby version The Apache Software Foundation - Apache Derby - 10.14.2.0 - (1828579): instance b8450018-016d-ddb1-3591-00000cc7fe00 
on database directory /Users/onacit/gitcl/github.com/onacit/spring-data-jpa-read-only/master with class loader jdk.internal.loader.ClassLoaders$AppClassLoader@2c13da15 
Loaded from file:/Users/onacit/.gradle/caches/modules-2/files-2.1/org.apache.derby/derby/10.14.2.0/7efad40ef52fbb1f08142f07a83b42d29e47d8ce/derby-10.14.2.0.jar
java.vendor=Oracle Corporation
java.runtime.version=11.0.5+10-LTS
user.dir=/Users/onacit/gitcl/github.com/onacit/spring-data-jpa-read-only
os.name=Mac OS X
os.arch=x86_64
os.version=10.14.6
derby.system.home=null
Database Class Loader started - derby.database.classpath=''
----------------------------------------------------------------
Fri Oct 18 16:07:22 KST 2019:
Booting Derby version The Apache Software Foundation - Apache Derby - 10.14.2.0 - (1828579): instance 7815c0b6-016d-ddb1-3591-00000cc7fe00 
on database directory /Users/onacit/gitcl/github.com/onacit/spring-data-jpa-read-only/slave with class loader jdk.internal.loader.ClassLoaders$AppClassLoader@2c13da15 
Loaded from file:/Users/onacit/.gradle/caches/modules-2/files-2.1/org.apache.derby/derby/10.14.2.0/7efad40ef52fbb1f08142f07a83b42d29e47d8ce/derby-10.14.2.0.jar
java.vendor=Oracle Corporation
java.runtime.version=11.0.5+10-LTS
user.dir=/Users/onacit/gitcl/github.com/onacit/spring-data-jpa-read-only
os.name=Mac OS X
os.arch=x86_64
os.version=10.14.6
derby.system.home=null
Database Class Loader started - derby.database.classpath=''
----------------------------------------------------------------
Fri Oct 18 16:07:22 KST 2019:
Shutting down instance 7815c0b6-016d-ddb1-3591-00000cc7fe00 on database directory /Users/onacit/gitcl/github.com/onacit/spring-data-jpa-read-only/slave with class loader jdk.internal.loader.ClassLoaders$AppClassLoader@2c13da15 
----------------------------------------------------------------
Fri Oct 18 16:07:22 KST 2019:
Booting Derby version The Apache Software Foundation - Apache Derby - 10.14.2.0 - (1828579): instance f04340b7-016d-ddb1-3591-00000cc7fe00 
on database directory /Users/onacit/gitcl/github.com/onacit/spring-data-jpa-read-only/slave with class loader jdk.internal.loader.ClassLoaders$AppClassLoader@2c13da15 
Loaded from file:/Users/onacit/.gradle/caches/modules-2/files-2.1/org.apache.derby/derby/10.14.2.0/7efad40ef52fbb1f08142f07a83b42d29e47d8ce/derby-10.14.2.0.jar
java.vendor=Oracle Corporation
java.runtime.version=11.0.5+10-LTS
user.dir=/Users/onacit/gitcl/github.com/onacit/spring-data-jpa-read-only
os.name=Mac OS X
os.arch=x86_64
os.version=10.14.6
derby.system.home=null
Replication slave database 'slave' listens for connections from master on 'localhost:4851'.
Replication master role started for database 'master'.
Replication slave role started for database 'slave'.
Fri Oct 18 16:07:23 KST 2019 Thread[Thread-2,5,main] Cleanup action starting
ERROR XRE08: Replication slave mode started successfully for database 'slave'. Connection refused because the database is in replication slave mode. 
	at org.apache.derby.iapi.error.StandardException.newException(Unknown Source)
	at org.apache.derby.iapi.error.StandardException.newException(Unknown Source)
	at org.apache.derby.impl.jdbc.EmbedConnection.<init>(Unknown Source)
	at org.apache.derby.jdbc.InternalDriver$1.run(Unknown Source)
	at org.apache.derby.jdbc.InternalDriver$1.run(Unknown Source)
	at java.base/java.security.AccessController.doPrivileged(Native Method)
	at org.apache.derby.jdbc.InternalDriver.getNewEmbedConnection(Unknown Source)
	at org.apache.derby.jdbc.InternalDriver$LoginCallable.call(Unknown Source)
	at org.apache.derby.jdbc.InternalDriver$LoginCallable.call(Unknown Source)
	at java.base/java.util.concurrent.FutureTask.run(FutureTask.java:264)
	at java.base/java.util.concurrent.ThreadPoolExecutor.runWorker(ThreadPoolExecutor.java:1128)
	at java.base/java.util.concurrent.ThreadPoolExecutor$Worker.run(ThreadPoolExecutor.java:628)
	at java.base/java.lang.Thread.run(Thread.java:834)
Cleanup action completed
Fri Oct 18 16:07:23 KST 2019 Thread[Thread-2,5,main] Cleanup action starting
ERROR XRE08: Replication slave mode started successfully for database 'slave'. Connection refused because the database is in replication slave mode. 
	at org.apache.derby.iapi.error.StandardException.newException(Unknown Source)
	at org.apache.derby.iapi.error.StandardException.newException(Unknown Source)
	at org.apache.derby.impl.jdbc.EmbedConnection.<init>(Unknown Source)
	at org.apache.derby.jdbc.InternalDriver$1.run(Unknown Source)
	at org.apache.derby.jdbc.InternalDriver$1.run(Unknown Source)
	at java.base/java.security.AccessController.doPrivileged(Native Method)
	at org.apache.derby.jdbc.InternalDriver.getNewEmbedConnection(Unknown Source)
	at org.apache.derby.jdbc.InternalDriver$LoginCallable.call(Unknown Source)
	at org.apache.derby.jdbc.InternalDriver$LoginCallable.call(Unknown Source)
	at java.base/java.util.concurrent.FutureTask.run(FutureTask.java:264)
	at java.base/java.util.concurrent.ThreadPoolExecutor.runWorker(ThreadPoolExecutor.java:1128)
	at java.base/java.util.concurrent.ThreadPoolExecutor$Worker.run(ThreadPoolExecutor.java:628)
	at java.base/java.lang.Thread.run(Thread.java:834)
Cleanup action completed
